# JRE version: OpenJDK Runtime Environment (Zulu 8.52.0.23-CA-win64) (8.0_282-b08) (build 1.8.0_282-b08)
# Java VM: OpenJDK 64-Bit Server VM (25.282-b08 mixed mode windows-amd64 compressed oops)
Heap:
 PSYoungGen      total 60928K, used 42320K [0x00000000d5580000, 0x00000000d9680000, 0x0000000100000000)
  eden space 56832K, 70% used [0x00000000d5580000,0x00000000d7c919a8,0x00000000d8d00000)
  from space 4096K, 56% used [0x00000000d9180000,0x00000000d93c2700,0x00000000d9580000)
  to   space 4608K, 0% used [0x00000000d8d00000,0x00000000d8d00000,0x00000000d9180000)
 ParOldGen       total 36864K, used 5509K [0x0000000080000000, 0x0000000082400000, 0x00000000d5580000)
  object space 36864K, 14% used [0x0000000080000000,0x0000000080561558,0x0000000082400000)
 Metaspace       used 13904K, capacity 14100K, committed 14336K, reserved 1062912K
  class space    used 1442K, capacity 1506K, committed 1536K, reserved 1048576K
GC Heap History (10 events):
Event: 1.298 GC heap before
{Heap before GC invocations=2 (full 0):
 PSYoungGen      total 16384K, used 16376K [0x00000000d5580000, 0x00000000d6780000, 0x0000000100000000)
  eden space 14336K, 100% used [0x00000000d5580000,0x00000000d6380000,0x00000000d6380000)
  from space 2048K, 99% used [0x00000000d6380000,0x00000000d657e0f0,0x00000000d6580000)
  to   space 2048K, 0% used [0x00000000d6580000,0x00000000d6580000,0x00000000d6780000)
 ParOldGen       total 36864K, used 1021K [0x0000000080000000, 0x0000000082400000, 0x00000000d5580000)
  object space 36864K, 2% used [0x0000000080000000,0x00000000800ff448,0x0000000082400000)
 Metaspace       used 4517K, capacity 5216K, committed 5504K, reserved 1056768K
  class space    used 468K, capacity 536K, committed 640K, reserved 1048576K
Event: 1.320 GC heap after
Heap after GC invocations=2 (full 0):
 PSYoungGen      total 16384K, used 2043K [0x00000000d5580000, 0x00000000d7580000, 0x0000000100000000)
  eden space 14336K, 0% used [0x00000000d5580000,0x00000000d5580000,0x00000000d6380000)
  from space 2048K, 99% used [0x00000000d6580000,0x00000000d677ee18,0x00000000d6780000)
  to   space 2048K, 0% used [0x00000000d6380000,0x00000000d6380000,0x00000000d6580000)
 ParOldGen       total 36864K, used 1456K [0x0000000080000000, 0x0000000082400000, 0x00000000d5580000)
  object space 36864K, 3% used [0x0000000080000000,0x000000008016c0d0,0x0000000082400000)
 Metaspace       used 4517K, capacity 5216K, committed 5504K, reserved 1056768K
  class space    used 468K, capacity 536K, committed 640K, reserved 1048576K
}
Event: 1.699 GC heap before
{Heap before GC invocations=3 (full 0):
 PSYoungGen      total 16384K, used 16379K [0x00000000d5580000, 0x00000000d7580000, 0x0000000100000000)
  eden space 14336K, 100% used [0x00000000d5580000,0x00000000d6380000,0x00000000d6380000)
  from space 2048K, 99% used [0x00000000d6580000,0x00000000d677ee18,0x00000000d6780000)
  to   space 2048K, 0% used [0x00000000d6380000,0x00000000d6380000,0x00000000d6580000)
 ParOldGen       total 36864K, used 1456K [0x0000000080000000, 0x0000000082400000, 0x00000000d5580000)
  object space 36864K, 3% used [0x0000000080000000,0x000000008016c0d0,0x0000000082400000)
 Metaspace       used 5943K, capacity 6240K, committed 6400K, reserved 1056768K
  class space    used 604K, capacity 664K, committed 768K, reserved 1048576K
Event: 1.704 GC heap after
Heap after GC invocations=3 (full 0):
 PSYoungGen      total 16384K, used 2043K [0x00000000d5580000, 0x00000000d7580000, 0x0000000100000000)
  eden space 14336K, 0% used [0x00000000d5580000,0x00000000d5580000,0x00000000d6380000)
  from space 2048K, 99% used [0x00000000d6380000,0x00000000d657ee18,0x00000000d6580000)
  to   space 2048K, 0% used [0x00000000d7380000,0x00000000d7380000,0x00000000d7580000)
 ParOldGen       total 36864K, used 2398K [0x0000000080000000, 0x0000000082400000, 0x00000000d5580000)
  object space 36864K, 6% used [0x0000000080000000,0x0000000080257b40,0x0000000082400000)
 Metaspace       used 5943K, capacity 6240K, committed 6400K, reserved 1056768K
  class space    used 604K, capacity 664K, committed 768K, reserved 1048576K
}
Event: 2.029 GC heap before
{Heap before GC invocations=4 (full 0):
 PSYoungGen      total 16384K, used 16379K [0x00000000d5580000, 0x00000000d7580000, 0x0000000100000000)
  eden space 14336K, 100% used [0x00000000d5580000,0x00000000d6380000,0x00000000d6380000)
  from space 2048K, 99% used [0x00000000d6380000,0x00000000d657ee18,0x00000000d6580000)
  to   space 2048K, 0% used [0x00000000d7380000,0x00000000d7380000,0x00000000d7580000)
 ParOldGen       total 36864K, used 2398K [0x0000000080000000, 0x0000000082400000, 0x00000000d5580000)
  object space 36864K, 6% used [0x0000000080000000,0x0000000080257b40,0x0000000082400000)
 Metaspace       used 8104K, capacity 8272K, committed 8448K, reserved 1056768K
  class space    used 873K, capacity 952K, committed 1024K, reserved 1048576K
Event: 2.036 GC heap after
Heap after GC invocations=4 (full 0):
 PSYoungGen      total 30720K, used 2039K [0x00000000d5580000, 0x00000000d7580000, 0x0000000100000000)
  eden space 28672K, 0% used [0x00000000d5580000,0x00000000d5580000,0x00000000d7180000)
  from space 2048K, 99% used [0x00000000d7380000,0x00000000d757ded0,0x00000000d7580000)
  to   space 2048K, 0% used [0x00000000d7180000,0x00000000d7180000,0x00000000d7380000)
 ParOldGen       total 36864K, used 3654K [0x0000000080000000, 0x0000000082400000, 0x00000000d5580000)
  object space 36864K, 9% used [0x0000000080000000,0x0000000080391b58,0x0000000082400000)
 Metaspace       used 8104K, capacity 8272K, committed 8448K, reserved 1056768K
  class space    used 873K, capacity 952K, committed 1024K, reserved 1048576K
}
Event: 2.477 GC heap before
{Heap before GC invocations=5 (full 0):
 PSYoungGen      total 30720K, used 30711K [0x00000000d5580000, 0x00000000d7580000, 0x0000000100000000)
  eden space 28672K, 100% used [0x00000000d5580000,0x00000000d7180000,0x00000000d7180000)
  from space 2048K, 99% used [0x00000000d7380000,0x00000000d757ded0,0x00000000d7580000)
  to   space 2048K, 0% used [0x00000000d7180000,0x00000000d7180000,0x00000000d7380000)
 ParOldGen       total 36864K, used 3654K [0x0000000080000000, 0x0000000082400000, 0x00000000d5580000)
  object space 36864K, 9% used [0x0000000080000000,0x0000000080391b58,0x0000000082400000)
 Metaspace       used 10318K, capacity 10454K, committed 10752K, reserved 1058816K
  class space    used 1143K, capacity 1209K, committed 1280K, reserved 1048576K
Event: 2.487 GC heap after
Heap after GC invocations=5 (full 0):
 PSYoungGen      total 30720K, used 2039K [0x00000000d5580000, 0x00000000d9580000, 0x0000000100000000)
  eden space 28672K, 0% used [0x00000000d5580000,0x00000000d5580000,0x00000000d7180000)
  from space 2048K, 99% used [0x00000000d7180000,0x00000000d737deb0,0x00000000d7380000)
  to   space 4096K, 0% used [0x00000000d9180000,0x00000000d9180000,0x00000000d9580000)
 ParOldGen       total 36864K, used 5509K [0x0000000080000000, 0x0000000082400000, 0x00000000d5580000)
  object space 36864K, 14% used [0x0000000080000000,0x0000000080561558,0x0000000082400000)
 Metaspace       used 10318K, capacity 10454K, committed 10752K, reserved 1058816K
  class space    used 1143K, capacity 1209K, committed 1280K, reserved 1048576K
}
Event: 2.708 GC heap before
{Heap before GC invocations=6 (full 0):
 PSYoungGen      total 30720K, used 30711K [0x00000000d5580000, 0x00000000d9580000, 0x0000000100000000)
  eden space 28672K, 100% used [0x00000000d5580000,0x00000000d7180000,0x00000000d7180000)
  from space 2048K, 99% used [0x00000000d7180000,0x00000000d737deb0,0x00000000d7380000)
  to   space 4096K, 0% used [0x00000000d9180000,0x00000000d9180000,0x00000000d9580000)
 ParOldGen       total 36864K, used 5509K [0x0000000080000000, 0x0000000082400000, 0x00000000d5580000)
  object space 36864K, 14% used [0x0000000080000000,0x0000000080561558,0x0000000082400000)
 Metaspace       used 10441K, capacity 10646K, committed 11008K, reserved 1058816K
  class space    used 1152K, capacity 1209K, committed 1280K, reserved 1048576K
Event: 2.712 GC heap after
Heap after GC invocations=6 (full 0):
 PSYoungGen      total 60928K, used 2313K [0x00000000d5580000, 0x00000000d9680000, 0x0000000100000000)
  eden space 56832K, 0% used [0x00000000d5580000,0x00000000d5580000,0x00000000d8d00000)
  from space 4096K, 56% used [0x00000000d9180000,0x00000000d93c2700,0x00000000d9580000)
  to   space 4608K, 0% used [0x00000000d8d00000,0x00000000d8d00000,0x00000000d9180000)
 ParOldGen       total 36864K, used 5509K [0x0000000080000000, 0x0000000082400000, 0x00000000d5580000)
  object space 36864K, 14% used [0x0000000080000000,0x0000000080561558,0x0000000082400000)
 Metaspace       used 10441K, capacity 10646K, committed 11008K, reserved 1058816K
  class space    used 1152K, capacity 1209K, committed 1280K, reserved 1048576K
}

